   TIME[S]      V-OUT[V]     I-OUT[A]     V-SET[V]     I-SET[A]
 0000.000000  0014.900000  0000.000000  0010.000000  0000.001000
 0000.011873  0014.900000  0000.000000  0010.000000  0000.001000
 0000.023622  0013.900000  0000.000000  0010.000000  0000.001000
 0000.035729  0012.700000  0000.000000  0010.000000  0000.001000
 0000.047492  0011.400000  0000.000000  0010.000000  0000.001000
 0000.059426  0010.100000  0000.000000  0010.000000  0000.001000
 0000.071024  0009.100000  0000.000000  0010.000000  0000.001000
 0000.082769  0007.800000  0000.000000  0010.000000  0000.001000
 0000.094370  0009.200000  0000.006000  0010.000000  0000.001000
 0000.105977  0009.800000  0000.000000  0010.000000  0000.001000
 0000.117480  0009.800000  0000.000000  0010.000000  0000.001000
 0000.129166  0009.900000  0000.000000  0010.000000  0000.001000
 0000.140668  0009.900000  0000.006000  0010.000000  0000.001000
 0000.152613  0010.000000  0000.000000  0010.000000  0000.001000
 0000.164293  0010.000000  0000.000000  0010.000000  0000.001000
 0000.175967  0010.000000  0000.000000  0010.000000  0000.001000
 0000.187615  0009.900000  0000.000000  0010.000000  0000.001000
 0000.199171  0009.900000  0000.000000  0010.000000  0000.001000
 0000.210794  0010.000000  0000.000000  0010.000000  0000.001000
 0000.222598  0009.900000  0000.000000  0010.000000  0000.001000
 0000.234273  0009.900000  0000.000000  0010.000000  0000.001000
 0000.246011  0009.900000  0000.000000  0010.000000  0000.001000
 0000.257703  0009.900000  0000.000000  0010.000000  0000.001000
 0000.269318  0010.000000  0000.000000  0010.000000  0000.001000
 0000.280939  0010.000000  0000.000000  0010.000000  0000.001000
 0000.292593  0009.900000  0000.000000  0010.000000  0000.001000
 0000.304430  0009.900000  0000.000000  0010.000000  0000.001000
 0000.316179  0010.000000  0000.000000  0010.000000  0000.001000
 0000.327873  0009.900000  0000.000000  0010.000000  0000.001000
 0000.339418  0009.900000  0000.000000  0010.000000  0000.001000
 0000.351090  0009.900000  0000.000000  0010.000000  0000.001000
 0000.363021  0009.900000  0000.000000  0010.000000  0000.001000
 0000.374768  0009.900000  0000.009000  0010.000000  0000.001000
 0000.386514  0010.000000  0000.000000  0010.000000  0000.001000
 0000.398389  0010.000000  0000.000000  0010.000000  0000.001000
 0000.410021  0009.900000  0000.000000  0010.000000  0000.001000
 0000.421636  0010.000000  0000.000000  0010.000000  0000.001000
 0000.433244  0010.000000  0000.000000  0010.000000  0000.001000
 0000.444877  0009.900000  0000.000000  0010.000000  0000.001000
 0000.456651  0009.900000  0000.007000  0010.000000  0000.001000
 0000.468452  0009.900000  0000.000000  0010.000000  0000.001000
 0000.480059  0009.900000  0000.000000  0010.000000  0000.001000
 0000.491785  0009.900000  0000.000000  0010.000000  0000.001000
 0000.503360  0009.900000  0000.000000  0010.000000  0000.001000
 0000.515015  0009.900000  0000.000000  0010.000000  0000.001000
 0000.526735  0010.000000  0000.000000  0010.000000  0000.001000
 0000.538156  0010.000000  0000.000000  0010.000000  0000.001000
 0000.549783  0009.900000  0000.000000  0010.000000  0000.001000
 0000.561380  0009.900000  0000.000000  0010.000000  0000.001000
 0000.572690  0009.900000  0000.000000  0010.000000  0000.001000
 0000.584301  0009.900000  0000.000000  0010.000000  0000.001000
 0000.595816  0009.900000  0000.000000  0010.000000  0000.001000
 0000.607228  0009.900000  0000.008000  0010.000000  0000.001000
 0000.618589  0009.900000  0000.000000  0010.000000  0000.001000
 0000.629833  0009.900000  0000.000000  0010.000000  0000.001000
 0000.641181  0009.900000  0000.000000  0010.000000  0000.001000
 0000.652549  0009.900000  0000.000000  0010.000000  0000.001000
 0000.664073  0009.900000  0000.007000  0010.000000  0000.001000
 0000.675508  0009.900000  0000.000000  0010.000000  0000.001000
 0000.687244  0009.900000  0000.000000  0010.000000  0000.001000
 0000.698897  0009.900000  0000.009000  0010.000000  0000.001000
 0000.710728  0009.900000  0000.000000  0010.000000  0000.001000
 0000.722335  0009.900000  0000.000000  0010.000000  0000.001000
 0000.734205  0009.900000  0000.000000  0010.000000  0000.001000
 0000.746050  0010.000000  0000.000000  0010.000000  0000.001000
 0000.757959  0010.000000  0000.007000  0010.000000  0000.001000
 0000.769950  0009.900000  0000.000000  0010.000000  0000.001000
 0000.781626  0009.900000  0000.000000  0010.000000  0000.001000
 0000.793484  0010.000000  0000.000000  0010.000000  0000.001000
 0000.805065  0009.900000  0000.000000  0010.000000  0000.001000
 0000.816652  0009.900000  0000.000000  0010.000000  0000.001000
 0000.828252  0010.000000  0000.000000  0010.000000  0000.001000
 0000.839844  0010.000000  0000.007000  0010.000000  0000.001000
 0000.851531  0009.900000  0000.000000  0010.000000  0000.001000
 0000.863135  0010.000000  0000.000000  0010.000000  0000.001000
 0000.874877  0010.000000  0000.000000  0010.000000  0000.001000
 0000.886456  0010.000000  0000.009000  0010.000000  0000.001000
 0000.898191  0010.000000  0000.000000  0010.000000  0000.001000
 0000.909816  0009.900000  0000.000000  0010.000000  0000.001000
 0000.921422  0009.900000  0000.006000  0010.000000  0000.001000
 0000.932966  0010.000000  0000.000000  0010.000000  0000.001000
 0000.944453  0009.900000  0000.000000  0010.000000  0000.001000
 0000.955906  0009.900000  0000.000000  0010.000000  0000.001000
 0000.967149  0009.900000  0000.000000  0010.000000  0000.001000
 0000.978305  0009.900000  0000.000000  0010.000000  0000.001000
 0000.989905  0009.900000  0000.000000  0010.000000  0000.001000
 0001.001711  0009.900000  0000.000000  0010.000000  0000.001000
 0001.013372  0009.900000  0000.000000  0010.000000  0000.001000
 0001.025126  0009.900000  0000.000000  0010.000000  0000.001000
 0001.036763  0009.900000  0000.000000  0010.000000  0000.001000
 0001.048511  0009.900000  0000.000000  0010.000000  0000.001000
 0001.060387  0010.000000  0000.000000  0010.000000  0000.001000
 0001.072175  0009.900000  0000.000000  0010.000000  0000.001000
 0001.083789  0010.000000  0000.000000  0010.000000  0000.001000
 0001.095166  0009.900000  0000.000000  0010.000000  0000.001000
 0001.106565  0010.000000  0000.000000  0010.000000  0000.001000
 0001.117659  0010.000000  0000.000000  0010.000000  0000.001000
 0001.128834  0009.900000  0000.000000  0010.000000  0000.001000
 0001.140188  0010.000000  0000.000000  0010.000000  0000.001000
 0001.151584  0009.900000  0000.000000  0010.000000  0000.001000
 0001.162843  0009.900000  0000.000000  0010.000000  0000.001000
 0001.174131  0010.000000  0000.007000  0010.000000  0000.001000
 0001.185374  0010.000000  0000.000000  0010.000000  0000.001000
 0001.196557  0010.000000  0000.008000  0010.000000  0000.001000
 0001.207891  0010.000000  0000.000000  0010.000000  0000.001000
 0001.219256  0010.000000  0000.000000  0010.000000  0000.001000
 0001.230437  0010.000000  0000.008000  0010.000000  0000.001000
 0001.241801  0009.900000  0000.000000  0010.000000  0000.001000
 0001.253001  0009.900000  0000.000000  0010.000000  0000.001000
 0001.264138  0009.900000  0000.000000  0010.000000  0000.001000
 0001.275440  0009.900000  0000.007000  0010.000000  0000.001000
 0001.286786  0009.900000  0000.010000  0010.000000  0000.001000
 0001.297948  0010.000000  0000.000000  0010.000000  0000.001000
 0001.309234  0010.000000  0000.006000  0010.000000  0000.001000
 0001.320458  0009.900000  0000.000000  0010.000000  0000.001000
 0001.331844  0009.900000  0000.000000  0010.000000  0000.001000
 0001.343158  0010.000000  0000.000000  0010.000000  0000.001000
 0001.354443  0010.000000  0000.000000  0010.000000  0000.001000
 0001.365870  0009.900000  0000.008000  0010.000000  0000.001000
 0001.377119  0009.900000  0000.000000  0010.000000  0000.001000
 0001.388340  0009.900000  0000.000000  0010.000000  0000.001000
 0001.399684  0009.900000  0000.000000  0010.000000  0000.001000
 0001.410983  0010.000000  0000.000000  0010.000000  0000.001000
 0001.422174  0009.900000  0000.008000  0010.000000  0000.001000
 0001.433596  0010.000000  0000.000000  0010.000000  0000.001000
 0001.444966  0009.900000  0000.000000  0010.000000  0000.001000
 0001.456290  0010.000000  0000.000000  0010.000000  0000.001000
 0001.467491  0009.900000  0000.000000  0010.000000  0000.001000
 0001.478770  0010.000000  0000.000000  0010.000000  0000.001000
 0001.490001  0010.000000  0000.000000  0010.000000  0000.001000
 0001.501136  0009.900000  0000.000000  0010.000000  0000.001000
 0001.512447  0009.900000  0000.000000  0010.000000  0000.001000
 0001.524076  0009.900000  0000.000000  0010.000000  0000.001000
 0001.535834  0009.900000  0000.000000  0010.000000  0000.001000
 0001.547361  0009.900000  0000.000000  0010.000000  0000.001000
 0001.558812  0010.000000  0000.000000  0010.000000  0000.001000
 0001.570350  0009.900000  0000.000000  0010.000000  0000.001000
 0001.581562  0009.900000  0000.000000  0010.000000  0000.001000
 0001.592958  0010.000000  0000.000000  0010.000000  0000.001000
 0001.604540  0009.900000  0000.012000  0010.000000  0000.001000
 0001.616092  0009.900000  0000.000000  0010.000000  0000.001000
 0001.627596  0009.900000  0000.000000  0010.000000  0000.001000
 0001.639215  0009.900000  0000.000000  0010.000000  0000.001000
 0001.650777  0009.900000  0000.000000  0010.000000  0000.001000
 0001.662671  0009.900000  0000.000000  0010.000000  0000.001000
 0001.674446  0009.900000  0000.000000  0010.000000  0000.001000
 0001.686174  0010.000000  0000.000000  0010.000000  0000.001000
 0001.697787  0010.000000  0000.000000  0010.000000  0000.001000
 0001.709447  0010.000000  0000.000000  0010.000000  0000.001000
 0001.721145  0010.000000  0000.000000  0010.000000  0000.001000
 0001.732806  0010.000000  0000.008000  0010.000000  0000.001000
 0001.744448  0010.000000  0000.000000  0010.000000  0000.001000
 0001.756077  0010.000000  0000.000000  0010.000000  0000.001000
 0001.767489  0009.900000  0000.000000  0010.000000  0000.001000
 0001.779007  0009.900000  0000.000000  0010.000000  0000.001000
 0001.790703  0009.900000  0000.000000  0010.000000  0000.001000
 0001.802378  0009.900000  0000.000000  0010.000000  0000.001000
 0001.814024  0009.900000  0000.000000  0010.000000  0000.001000
 0001.825657  0009.900000  0000.000000  0010.000000  0000.001000
 0001.837286  0010.000000  0000.000000  0010.000000  0000.001000
 0001.848923  0010.000000  0000.000000  0010.000000  0000.001000
 0001.860448  0010.000000  0000.000000  0010.000000  0000.001000
 0001.872223  0010.000000  0000.000000  0010.000000  0000.001000
 0001.883957  0010.000000  0000.000000  0010.000000  0000.001000
 0001.895836  0009.900000  0000.000000  0010.000000  0000.001000
 0001.907611  0009.900000  0000.000000  0010.000000  0000.001000
 0001.919225  0010.000000  0000.000000  0010.000000  0000.001000
 0001.930875  0009.900000  0000.000000  0010.000000  0000.001000
 0001.942289  0009.900000  0000.000000  0010.000000  0000.001000
 0001.953693  0010.000000  0000.000000  0010.000000  0000.001000
 0001.965298  0009.900000  0000.000000  0010.000000  0000.001000
 0001.976660  0009.900000  0000.000000  0010.000000  0000.001000
 0001.988026  0009.900000  0000.000000  0010.000000  0000.001000
 0001.999327  0009.900000  0000.000000  0010.000000  0000.001000
 0002.010539  0009.900000  0000.008000  0010.000000  0000.001000
 0002.021828  0009.900000  0000.000000  0010.000000  0000.001000
 0002.033263  0009.900000  0000.000000  0010.000000  0000.001000
 0002.044490  0009.900000  0000.000000  0010.000000  0000.001000
 0002.055601  0009.900000  0000.000000  0010.000000  0000.001000
 0002.066869  0009.900000  0000.000000  0010.000000  0000.001000
 0002.078205  0009.900000  0000.000000  0010.000000  0000.001000
 0002.089515  0009.900000  0000.000000  0010.000000  0000.001000
 0002.100713  0009.900000  0000.000000  0010.000000  0000.001000
 0002.112189  0010.000000  0000.000000  0010.000000  0000.001000
 0002.123608  0010.000000  0000.000000  0010.000000  0000.001000
 0002.135725  0010.000000  0000.000000  0010.000000  0000.001000
 0002.147376  0009.900000  0000.000000  0010.000000  0000.001000
 0002.159011  0010.000000  0000.000000  0010.000000  0000.001000
 0002.170765  0009.900000  0000.000000  0010.000000  0000.001000
 0002.182391  0009.900000  0000.000000  0010.000000  0000.001000
 0002.193999  0009.900000  0000.012000  0010.000000  0000.001000
 0002.205580  0009.900000  0000.000000  0010.000000  0000.001000
 0002.217409  0010.000000  0000.000000  0010.000000  0000.001000
 0002.229012  0009.900000  0000.000000  0010.000000  0000.001000
 0002.240524  0009.900000  0000.000000  0010.000000  0000.001000
 0002.252107  0009.900000  0000.000000  0010.000000  0000.001000
 0002.263718  0009.900000  0000.000000  0010.000000  0000.001000
 0002.275490  0010.000000  0000.000000  0010.000000  0000.001000
 0002.287117  0009.900000  0000.000000  0010.000000  0000.001000
 0002.298832  0009.900000  0000.011000  0010.000000  0000.001000
 0002.310526  0009.900000  0000.000000  0010.000000  0000.001000
 0002.322216  0009.900000  0000.000000  0010.000000  0000.001000
 0002.333853  0009.900000  0000.000000  0010.000000  0000.001000
 0002.345562  0009.900000  0000.000000  0010.000000  0000.001000
 0002.357175  0009.800000  0000.000000  0010.000000  0000.001000
 0002.368861  0009.900000  0000.000000  0010.000000  0000.001000
 0002.380502  0009.900000  0000.000000  0010.000000  0000.001000
 0002.392075  0010.000000  0000.000000  0010.000000  0000.001000
 0002.403788  0009.900000  0000.000000  0010.000000  0000.001000
 0002.415562  0009.900000  0000.000000  0010.000000  0000.001000
 0002.427412  0009.900000  0000.000000  0010.000000  0000.001000
 0002.439057  0009.900000  0000.000000  0010.000000  0000.001000
 0002.450607  0009.900000  0000.008000  0010.000000  0000.001000
 0002.462506  0009.900000  0000.000000  0010.000000  0000.001000
 0002.474319  0010.000000  0000.000000  0010.000000  0000.001000
 0002.485835  0010.000000  0000.000000  0010.000000  0000.001000
 0002.497227  0010.000000  0000.000000  0010.000000  0000.001000
 0002.508941  0009.900000  0000.000000  0010.000000  0000.001000
 0002.520714  0009.900000  0000.000000  0010.000000  0000.001000
 0002.532501  0009.900000  0000.000000  0010.000000  0000.001000
 0002.544379  0009.900000  0000.000000  0010.000000  0000.001000
 0002.556032  0010.000000  0000.000000  0010.000000  0000.001000
 0002.567729  0009.900000  0000.000000  0010.000000  0000.001000
 0002.579312  0009.900000  0000.000000  0010.000000  0000.001000
 0002.591039  0009.900000  0000.000000  0010.000000  0000.001000
 0002.602646  0009.900000  0000.000000  0010.000000  0000.001000
 0002.614149  0009.900000  0000.000000  0010.000000  0000.001000
 0002.625470  0009.900000  0000.000000  0010.000000  0000.001000
 0002.636833  0010.000000  0000.000000  0010.000000  0000.001000
 0002.648138  0009.900000  0000.000000  0010.000000  0000.001000
 0002.659485  0009.900000  0000.000000  0010.000000  0000.001000
 0002.671253  0009.900000  0000.000000  0010.000000  0000.001000
 0002.682922  0009.900000  0000.000000  0010.000000  0000.001000
 0002.694607  0009.900000  0000.000000  0010.000000  0000.001000
 0002.706201  0009.900000  0000.000000  0010.000000  0000.001000
 0002.717950  0009.900000  0000.000000  0010.000000  0000.001000
 0002.729534  0010.000000  0000.000000  0010.000000  0000.001000
 0002.741433  0009.900000  0000.006000  0010.000000  0000.001000
 0002.753123  0009.900000  0000.000000  0010.000000  0000.001000
 0002.764850  0009.900000  0000.000000  0010.000000  0000.001000
 0002.776552  0009.900000  0000.007000  0010.000000  0000.001000
 0002.788236  0009.900000  0000.000000  0010.000000  0000.001000
 0006.785978  0009.900000  0000.000000  0010.000000  0000.001000
